[2021-09-12 17:42:16,800] {taskinstance.py:903} INFO - Dependencies all met for <TaskInstance: Homework-task2.download 2021-09-10T00:00:00+00:00 [queued]>
[2021-09-12 17:42:17,226] {taskinstance.py:903} INFO - Dependencies all met for <TaskInstance: Homework-task2.download 2021-09-10T00:00:00+00:00 [queued]>
[2021-09-12 17:42:17,411] {taskinstance.py:1094} INFO - 
--------------------------------------------------------------------------------
[2021-09-12 17:42:17,558] {taskinstance.py:1095} INFO - Starting attempt 1 of 6
[2021-09-12 17:42:17,641] {taskinstance.py:1096} INFO - 
--------------------------------------------------------------------------------
[2021-09-12 17:42:18,132] {taskinstance.py:1114} INFO - Executing <Task(BashOperator): download> on 2021-09-10T00:00:00+00:00
[2021-09-12 17:42:18,553] {standard_task_runner.py:52} INFO - Started process 17342 to run task
[2021-09-12 17:42:18,795] {standard_task_runner.py:76} INFO - Running: ['***', 'tasks', 'run', 'Homework-task2', 'download', '2021-09-10T00:00:00+00:00', '--job-id', '404', '--pool', 'default_pool', '--raw', '--subdir', 'DAGS_FOLDER/task_2.py', '--cfg-path', '/tmp/tmpq39822ya', '--error-file', '/tmp/tmpaqia1knt']
[2021-09-12 17:42:18,909] {standard_task_runner.py:77} INFO - Job 404: Subtask download
[2021-09-12 17:42:20,545] {logging_mixin.py:109} INFO - Running <TaskInstance: Homework-task2.download 2021-09-10T00:00:00+00:00 [running]> on host ed2b66e7bf44
[2021-09-12 17:42:22,635] {taskinstance.py:1251} INFO - Exporting the following env vars:
AIRFLOW_CTX_DAG_OWNER=***
AIRFLOW_CTX_DAG_ID=Homework-task2
AIRFLOW_CTX_TASK_ID=download
AIRFLOW_CTX_EXECUTION_DATE=2021-09-10T00:00:00+00:00
AIRFLOW_CTX_DAG_RUN_ID=scheduled__2021-09-10T00:00:00+00:00
[2021-09-12 17:42:22,659] {subprocess.py:52} INFO - Tmp dir root location: 
 /tmp
[2021-09-12 17:42:22,678] {subprocess.py:63} INFO - Running command: ['bash', '-c', 'mkdir -p $AIRFLOW_HOME/data; curl https://www.stats.govt.nz/assets/Uploads/Greenhouse-gas-emissions-by-region-industry-and-household/Greenhouse-gas-emissions-by-region-industry-and-household-year-ended-2018/Download-data/greenhouse-gas-emissions-by-region-industry-and-household-year-ended-2018-csv.csv > $AIRFLOW_HOME/data/downloaded_file.csv; echo file downloaded']
[2021-09-12 17:42:23,210] {subprocess.py:74} INFO - Output:
[2021-09-12 17:42:24,365] {subprocess.py:78} INFO -   % Total    % Received % Xferd  Average Speed   Time    Time     Time  Current
[2021-09-12 17:42:24,378] {subprocess.py:78} INFO -                                  Dload  Upload   Total   Spent    Left  Speed
[2021-09-12 17:42:28,401] {subprocess.py:78} INFO -   0     0    0     0    0     0      0      0 --:--:-- --:--:-- --:--:--     0  0     0    0     0    0     0      0      0 --:--:-- --:--:-- --:--:--     0  0     0    0     0    0     0      0      0 --:--:--  0:00:02 --:--:--     0 52  315k   52  166k    0     0  47262      0  0:00:06  0:00:03  0:00:03 47262 95  315k   95  301k    0     0  77060      0  0:00:04  0:00:04 --:--:-- 77060100  315k  100  315k    0     0  80160      0  0:00:04  0:00:04 --:--:-- 80160
[2021-09-12 17:42:28,417] {subprocess.py:78} INFO - file downloaded
[2021-09-12 17:42:28,687] {subprocess.py:82} INFO - Command exited with return code 0
[2021-09-12 17:42:29,217] {taskinstance.py:1211} INFO - Marking task as SUCCESS. dag_id=Homework-task2, task_id=download, execution_date=20210910T000000, start_date=20210912T174216, end_date=20210912T174229
[2021-09-12 17:42:30,389] {local_task_job.py:208} WARNING - State of this instance has been externally set to success. Terminating instance.
[2021-09-12 17:42:30,484] {process_utils.py:100} INFO - Sending Signals.SIGTERM to GPID 17342
[2021-09-12 17:42:30,654] {process_utils.py:66} INFO - Process psutil.Process(pid=17342, status='terminated', exitcode=0, started='17:42:18') (17342) terminated with exit code 0
