[2021-09-12 17:43:36,132] {taskinstance.py:903} INFO - Dependencies all met for <TaskInstance: Homework-task2.row_count 2021-09-10T00:00:00+00:00 [queued]>
[2021-09-12 17:43:36,513] {taskinstance.py:903} INFO - Dependencies all met for <TaskInstance: Homework-task2.row_count 2021-09-10T00:00:00+00:00 [queued]>
[2021-09-12 17:43:36,515] {taskinstance.py:1094} INFO - 
--------------------------------------------------------------------------------
[2021-09-12 17:43:36,518] {taskinstance.py:1095} INFO - Starting attempt 1 of 6
[2021-09-12 17:43:36,519] {taskinstance.py:1096} INFO - 
--------------------------------------------------------------------------------
[2021-09-12 17:43:36,869] {taskinstance.py:1114} INFO - Executing <Task(BashOperator): row_count> on 2021-09-10T00:00:00+00:00
[2021-09-12 17:43:36,997] {standard_task_runner.py:52} INFO - Started process 17437 to run task
[2021-09-12 17:43:37,280] {standard_task_runner.py:76} INFO - Running: ['***', 'tasks', 'run', 'Homework-task2', 'row_count', '2021-09-10T00:00:00+00:00', '--job-id', '416', '--pool', 'default_pool', '--raw', '--subdir', 'DAGS_FOLDER/task_2.py', '--cfg-path', '/tmp/tmpgbq6gs67', '--error-file', '/tmp/tmpt4kjf18h']
[2021-09-12 17:43:37,383] {standard_task_runner.py:77} INFO - Job 416: Subtask row_count
[2021-09-12 17:43:38,414] {logging_mixin.py:109} INFO - Running <TaskInstance: Homework-task2.row_count 2021-09-10T00:00:00+00:00 [running]> on host ed2b66e7bf44
[2021-09-12 17:43:39,606] {taskinstance.py:1251} INFO - Exporting the following env vars:
AIRFLOW_CTX_DAG_OWNER=***
AIRFLOW_CTX_DAG_ID=Homework-task2
AIRFLOW_CTX_TASK_ID=row_count
AIRFLOW_CTX_EXECUTION_DATE=2021-09-10T00:00:00+00:00
AIRFLOW_CTX_DAG_RUN_ID=scheduled__2021-09-10T00:00:00+00:00
[2021-09-12 17:43:39,608] {subprocess.py:52} INFO - Tmp dir root location: 
 /tmp
[2021-09-12 17:43:39,856] {subprocess.py:63} INFO - Running command: ['bash', '-c', 'wc -l < $AIRFLOW_HOME/data/downloaded_file.csv']
[2021-09-12 17:43:40,131] {subprocess.py:74} INFO - Output:
[2021-09-12 17:43:40,539] {subprocess.py:78} INFO - 3061
[2021-09-12 17:43:40,552] {subprocess.py:82} INFO - Command exited with return code 0
[2021-09-12 17:43:40,856] {taskinstance.py:1211} INFO - Marking task as SUCCESS. dag_id=Homework-task2, task_id=row_count, execution_date=20210910T000000, start_date=20210912T174336, end_date=20210912T174340
[2021-09-12 17:43:41,244] {local_task_job.py:151} INFO - Task exited with return code 0
[2021-09-12 17:43:42,069] {local_task_job.py:261} INFO - 1 downstream tasks scheduled from follow-on schedule check
