[2021-09-12 17:43:52,353] {taskinstance.py:903} INFO - Dependencies all met for <TaskInstance: Homework-task2.convert_to_avro 2021-09-11T00:00:00+00:00 [queued]>
[2021-09-12 17:43:52,500] {taskinstance.py:903} INFO - Dependencies all met for <TaskInstance: Homework-task2.convert_to_avro 2021-09-11T00:00:00+00:00 [queued]>
[2021-09-12 17:43:52,516] {taskinstance.py:1094} INFO - 
--------------------------------------------------------------------------------
[2021-09-12 17:43:52,548] {taskinstance.py:1095} INFO - Starting attempt 1 of 6
[2021-09-12 17:43:52,581] {taskinstance.py:1096} INFO - 
--------------------------------------------------------------------------------
[2021-09-12 17:43:53,218] {taskinstance.py:1114} INFO - Executing <Task(PythonVirtualenvOperator): convert_to_avro> on 2021-09-11T00:00:00+00:00
[2021-09-12 17:43:53,684] {standard_task_runner.py:76} INFO - Running: ['***', 'tasks', 'run', 'Homework-task2', 'convert_to_avro', '2021-09-11T00:00:00+00:00', '--job-id', '421', '--pool', 'default_pool', '--raw', '--subdir', 'DAGS_FOLDER/task_2.py', '--cfg-path', '/tmp/tmpjjyxwsgp', '--error-file', '/tmp/tmpbk43bfur']
[2021-09-12 17:43:53,705] {standard_task_runner.py:77} INFO - Job 421: Subtask convert_to_avro
[2021-09-12 17:43:53,404] {standard_task_runner.py:52} INFO - Started process 17481 to run task
[2021-09-12 17:43:54,958] {logging_mixin.py:109} INFO - Running <TaskInstance: Homework-task2.convert_to_avro 2021-09-11T00:00:00+00:00 [running]> on host ed2b66e7bf44
[2021-09-12 17:43:55,600] {taskinstance.py:1251} INFO - Exporting the following env vars:
AIRFLOW_CTX_DAG_OWNER=***
AIRFLOW_CTX_DAG_ID=Homework-task2
AIRFLOW_CTX_TASK_ID=convert_to_avro
AIRFLOW_CTX_EXECUTION_DATE=2021-09-11T00:00:00+00:00
AIRFLOW_CTX_DAG_RUN_ID=scheduled__2021-09-11T00:00:00+00:00
[2021-09-12 17:43:55,635] {process_utils.py:135} INFO - Executing cmd: virtualenv /tmp/venvpbp5w2qf
[2021-09-12 17:43:55,948] {process_utils.py:139} INFO - Output:
[2021-09-12 17:44:15,627] {process_utils.py:143} INFO - created virtual environment CPython3.8.11.final.0-64 in 12470ms
[2021-09-12 17:44:15,632] {process_utils.py:143} INFO -   creator CPython3Posix(dest=/tmp/venvpbp5w2qf, clear=False, no_vcs_ignore=False, global=False)
[2021-09-12 17:44:15,636] {process_utils.py:143} INFO -   seeder FromAppData(download=False, pip=bundle, setuptools=bundle, wheel=bundle, via=copy, app_data_dir=/home/***/.local/share/virtualenv)
[2021-09-12 17:44:15,638] {process_utils.py:143} INFO -     added seed packages: pip==21.2.4, setuptools==57.4.0, wheel==0.37.0
[2021-09-12 17:44:15,642] {process_utils.py:143} INFO -   activators BashActivator,CShellActivator,FishActivator,PowerShellActivator,PythonActivator
[2021-09-12 17:44:16,378] {process_utils.py:135} INFO - Executing cmd: /tmp/venvpbp5w2qf/bin/pip install fastavro==1.4.4
[2021-09-12 17:44:16,449] {process_utils.py:139} INFO - Output:
[2021-09-12 17:45:54,758] {process_utils.py:143} INFO - Collecting fastavro==1.4.4
[2021-09-12 17:45:54,845] {process_utils.py:143} INFO -   Using cached fastavro-1.4.4-cp38-cp38-manylinux_2_17_x86_64.manylinux2014_x86_64.whl (2.7 MB)
[2021-09-12 17:45:55,371] {process_utils.py:143} INFO - Installing collected packages: fastavro
[2021-09-12 17:45:56,034] {process_utils.py:143} INFO - Successfully installed fastavro-1.4.4
[2021-09-12 17:45:57,775] {process_utils.py:135} INFO - Executing cmd: /tmp/venvpbp5w2qf/bin/python /tmp/venvpbp5w2qf/script.py /tmp/venvpbp5w2qf/script.in /tmp/venvpbp5w2qf/script.out /tmp/venvpbp5w2qf/string_args.txt
[2021-09-12 17:45:57,815] {process_utils.py:139} INFO - Output:
[2021-09-12 17:45:58,268] {process_utils.py:143} INFO - File content:
[2021-09-12 17:45:58,281] {process_utils.py:143} INFO - [{'region': 'Auckland', 'anzsic_descriptor': 'Agriculture', 'gas': 'Carbon dioxide equivalents', 'units': 'Kilotonnes', 'magnitude': 'Carbon dioxide equivalents', 'year': 2007, 'data_val': 811.63}, {'region': 'Auckland', 'anzsic_descriptor': 'Agriculture', 'gas': 'Carbon dioxide equivalents', 'units': 'Kilotonnes', 'magnitude': 'Carbon dioxide equivalents', 'year': 2008, 'data_val': 777.95}, {'region': 'Auckland', 'anzsic_descriptor': 'Agriculture', 'gas': 'Carbon dioxide equivalents', 'units': 'Kilotonnes', 'magnitude': 'Carbon dioxide equivalents', 'year': 2009, 'data_val': 684.0}, {'region': 'Auckland', 'anzsic_descriptor': 'Agriculture', 'gas': 'Carbon dioxide equivalents', 'units': 'Kilotonnes', 'magnitude': 'Carbon dioxide equivalents', 'year': 2010, 'data_val': 706.56}, {'region': 'Auckland', 'anzsic_descriptor': 'Agriculture', 'gas': 'Carbon dioxide equivalents', 'units': 'Kilotonnes', 'magnitude': 'Carbon dioxide equivalents', 'year': 2011, 'data_val': 764.3}, {'region': 'Auckland', 'anzsic_descriptor': 'Agriculture', 'gas': 'Carbon dioxide equivalents', 'units': 'Kilotonnes', 'magnitude': 'Carbon dioxide equivalents', 'year': 2012, 'data_val': 725.02}, {'region': 'Auckland', 'anzsic_descriptor': 'Agriculture', 'gas': 'Carbon dioxide equivalents', 'units': 'Kilotonnes', 'magnitude': 'Carbon dioxide equivalents', 'year': 2013, 'data_val': 707.4}, {'region': 'Auckland', 'anzsic_descriptor': 'Agriculture', 'gas': 'Carbon dioxide equivalents', 'units': 'Kilotonnes', 'magnitude': 'Carbon dioxide equivalents', 'year': 2014, 'data_val': 678.92}, {'region': 'Auckland', 'anzsic_descriptor': 'Agriculture', 'gas': 'Carbon dioxide equivalents', 'units': 'Kilotonnes', 'magnitude': 'Carbon dioxide equivalents', 'year': 2015, 'data_val': 744.83}, {'region': 'Auckland', 'anzsic_descriptor': 'Agriculture', 'gas': 'Carbon dioxide equivalents', 'units': 'Kilotonnes', 'magnitude': 'Carbon dioxide equivalents', 'year': 2016, 'data_val': 901.67}]
[2021-09-12 17:45:58,286] {process_utils.py:143} INFO - convert to avro OK
[2021-09-12 17:45:58,538] {python.py:151} INFO - Done. Returned value was: None
[2021-09-12 17:45:58,580] {taskinstance.py:1211} INFO - Marking task as SUCCESS. dag_id=Homework-task2, task_id=convert_to_avro, execution_date=20210911T000000, start_date=20210912T174352, end_date=20210912T174558
[2021-09-12 17:45:58,691] {local_task_job.py:151} INFO - Task exited with return code 0
[2021-09-12 17:45:58,752] {local_task_job.py:261} INFO - 0 downstream tasks scheduled from follow-on schedule check
