[2021-09-12 17:43:39,129] {taskinstance.py:903} INFO - Dependencies all met for <TaskInstance: Homework-task2.row_count 2021-09-11T00:00:00+00:00 [queued]>
[2021-09-12 17:43:39,460] {taskinstance.py:903} INFO - Dependencies all met for <TaskInstance: Homework-task2.row_count 2021-09-11T00:00:00+00:00 [queued]>
[2021-09-12 17:43:39,469] {taskinstance.py:1094} INFO - 
--------------------------------------------------------------------------------
[2021-09-12 17:43:39,478] {taskinstance.py:1095} INFO - Starting attempt 1 of 6
[2021-09-12 17:43:39,494] {taskinstance.py:1096} INFO - 
--------------------------------------------------------------------------------
[2021-09-12 17:43:39,645] {taskinstance.py:1114} INFO - Executing <Task(BashOperator): row_count> on 2021-09-11T00:00:00+00:00
[2021-09-12 17:43:39,797] {standard_task_runner.py:52} INFO - Started process 17445 to run task
[2021-09-12 17:43:39,931] {standard_task_runner.py:76} INFO - Running: ['***', 'tasks', 'run', 'Homework-task2', 'row_count', '2021-09-11T00:00:00+00:00', '--job-id', '417', '--pool', 'default_pool', '--raw', '--subdir', 'DAGS_FOLDER/task_2.py', '--cfg-path', '/tmp/tmpnlp9gyee', '--error-file', '/tmp/tmprfgypipv']
[2021-09-12 17:43:39,958] {standard_task_runner.py:77} INFO - Job 417: Subtask row_count
[2021-09-12 17:43:40,715] {logging_mixin.py:109} INFO - Running <TaskInstance: Homework-task2.row_count 2021-09-11T00:00:00+00:00 [running]> on host ed2b66e7bf44
[2021-09-12 17:43:41,314] {taskinstance.py:1251} INFO - Exporting the following env vars:
AIRFLOW_CTX_DAG_OWNER=***
AIRFLOW_CTX_DAG_ID=Homework-task2
AIRFLOW_CTX_TASK_ID=row_count
AIRFLOW_CTX_EXECUTION_DATE=2021-09-11T00:00:00+00:00
AIRFLOW_CTX_DAG_RUN_ID=scheduled__2021-09-11T00:00:00+00:00
[2021-09-12 17:43:41,335] {subprocess.py:52} INFO - Tmp dir root location: 
 /tmp
[2021-09-12 17:43:41,379] {subprocess.py:63} INFO - Running command: ['bash', '-c', 'wc -l < $AIRFLOW_HOME/data/downloaded_file.csv']
[2021-09-12 17:43:41,771] {subprocess.py:74} INFO - Output:
[2021-09-12 17:43:41,940] {subprocess.py:78} INFO - 3061
[2021-09-12 17:43:41,954] {subprocess.py:82} INFO - Command exited with return code 0
[2021-09-12 17:43:42,282] {taskinstance.py:1211} INFO - Marking task as SUCCESS. dag_id=Homework-task2, task_id=row_count, execution_date=20210911T000000, start_date=20210912T174339, end_date=20210912T174342
[2021-09-12 17:43:43,081] {local_task_job.py:151} INFO - Task exited with return code 0
[2021-09-12 17:43:43,566] {local_task_job.py:261} INFO - 1 downstream tasks scheduled from follow-on schedule check
