[2021-09-12 17:42:22,831] {taskinstance.py:903} INFO - Dependencies all met for <TaskInstance: Homework-task2.download 2021-09-11T00:00:00+00:00 [queued]>
[2021-09-12 17:42:23,385] {taskinstance.py:903} INFO - Dependencies all met for <TaskInstance: Homework-task2.download 2021-09-11T00:00:00+00:00 [queued]>
[2021-09-12 17:42:23,428] {taskinstance.py:1094} INFO - 
--------------------------------------------------------------------------------
[2021-09-12 17:42:23,442] {taskinstance.py:1095} INFO - Starting attempt 1 of 6
[2021-09-12 17:42:23,536] {taskinstance.py:1096} INFO - 
--------------------------------------------------------------------------------
[2021-09-12 17:42:24,043] {taskinstance.py:1114} INFO - Executing <Task(BashOperator): download> on 2021-09-11T00:00:00+00:00
[2021-09-12 17:42:24,231] {standard_task_runner.py:52} INFO - Started process 17359 to run task
[2021-09-12 17:42:24,398] {standard_task_runner.py:76} INFO - Running: ['***', 'tasks', 'run', 'Homework-task2', 'download', '2021-09-11T00:00:00+00:00', '--job-id', '409', '--pool', 'default_pool', '--raw', '--subdir', 'DAGS_FOLDER/task_2.py', '--cfg-path', '/tmp/tmp7cxqnnhb', '--error-file', '/tmp/tmpuw_6mz7t']
[2021-09-12 17:42:24,435] {standard_task_runner.py:77} INFO - Job 409: Subtask download
[2021-09-12 17:42:25,665] {logging_mixin.py:109} INFO - Running <TaskInstance: Homework-task2.download 2021-09-11T00:00:00+00:00 [running]> on host ed2b66e7bf44
[2021-09-12 17:42:27,300] {taskinstance.py:1251} INFO - Exporting the following env vars:
AIRFLOW_CTX_DAG_OWNER=***
AIRFLOW_CTX_DAG_ID=Homework-task2
AIRFLOW_CTX_TASK_ID=download
AIRFLOW_CTX_EXECUTION_DATE=2021-09-11T00:00:00+00:00
AIRFLOW_CTX_DAG_RUN_ID=scheduled__2021-09-11T00:00:00+00:00
[2021-09-12 17:42:27,629] {subprocess.py:52} INFO - Tmp dir root location: 
 /tmp
[2021-09-12 17:42:27,874] {subprocess.py:63} INFO - Running command: ['bash', '-c', 'mkdir -p $AIRFLOW_HOME/data; curl https://www.stats.govt.nz/assets/Uploads/Greenhouse-gas-emissions-by-region-industry-and-household/Greenhouse-gas-emissions-by-region-industry-and-household-year-ended-2018/Download-data/greenhouse-gas-emissions-by-region-industry-and-household-year-ended-2018-csv.csv > $AIRFLOW_HOME/data/downloaded_file.csv; echo file downloaded']
[2021-09-12 17:42:28,272] {subprocess.py:74} INFO - Output:
[2021-09-12 17:42:29,025] {subprocess.py:78} INFO -   % Total    % Received % Xferd  Average Speed   Time    Time     Time  Current
[2021-09-12 17:42:29,038] {subprocess.py:78} INFO -                                  Dload  Upload   Total   Spent    Left  Speed
[2021-09-12 17:42:35,025] {subprocess.py:78} INFO -   0     0    0     0    0     0      0      0 --:--:-- --:--:-- --:--:--     0  0     0    0     0    0     0      0      0 --:--:-- --:--:-- --:--:--     0  0     0    0     0    0     0      0      0 --:--:--  0:00:01 --:--:--     0 52  315k   52  166k    0     0  39813      0  0:00:08  0:00:04  0:00:04 39859 96  315k   96  305k    0     0  52602      0  0:00:06  0:00:05  0:00:01 52655100  315k  100  315k    0     0  53867      0  0:00:06  0:00:06 --:--:-- 53921
[2021-09-12 17:42:35,077] {subprocess.py:78} INFO - file downloaded
[2021-09-12 17:42:35,107] {subprocess.py:82} INFO - Command exited with return code 0
[2021-09-12 17:42:36,165] {taskinstance.py:1211} INFO - Marking task as SUCCESS. dag_id=Homework-task2, task_id=download, execution_date=20210911T000000, start_date=20210912T174222, end_date=20210912T174236
[2021-09-12 17:42:37,319] {local_task_job.py:151} INFO - Task exited with return code 0
[2021-09-12 17:42:38,087] {local_task_job.py:261} INFO - 1 downstream tasks scheduled from follow-on schedule check
