[2021-09-13 06:55:46,407] {taskinstance.py:903} INFO - Dependencies all met for <TaskInstance: Homework-task2.download 2021-09-12T00:00:00+00:00 [queued]>
[2021-09-13 06:55:46,567] {taskinstance.py:903} INFO - Dependencies all met for <TaskInstance: Homework-task2.download 2021-09-12T00:00:00+00:00 [queued]>
[2021-09-13 06:55:46,581] {taskinstance.py:1094} INFO - 
--------------------------------------------------------------------------------
[2021-09-13 06:55:46,586] {taskinstance.py:1095} INFO - Starting attempt 1 of 6
[2021-09-13 06:55:46,599] {taskinstance.py:1096} INFO - 
--------------------------------------------------------------------------------
[2021-09-13 06:55:46,824] {taskinstance.py:1114} INFO - Executing <Task(BashOperator): download> on 2021-09-12T00:00:00+00:00
[2021-09-13 06:55:46,852] {standard_task_runner.py:52} INFO - Started process 27841 to run task
[2021-09-13 06:55:46,887] {standard_task_runner.py:76} INFO - Running: ['***', 'tasks', 'run', 'Homework-task2', 'download', '2021-09-12T00:00:00+00:00', '--job-id', '443', '--pool', 'default_pool', '--raw', '--subdir', 'DAGS_FOLDER/task_2.py', '--cfg-path', '/tmp/tmpl0hg6xmg', '--error-file', '/tmp/tmp_m6hynfc']
[2021-09-13 06:55:46,905] {standard_task_runner.py:77} INFO - Job 443: Subtask download
[2021-09-13 06:55:47,525] {logging_mixin.py:109} INFO - Running <TaskInstance: Homework-task2.download 2021-09-12T00:00:00+00:00 [running]> on host ed2b66e7bf44
[2021-09-13 06:55:49,149] {taskinstance.py:1251} INFO - Exporting the following env vars:
AIRFLOW_CTX_DAG_OWNER=***
AIRFLOW_CTX_DAG_ID=Homework-task2
AIRFLOW_CTX_TASK_ID=download
AIRFLOW_CTX_EXECUTION_DATE=2021-09-12T00:00:00+00:00
AIRFLOW_CTX_DAG_RUN_ID=scheduled__2021-09-12T00:00:00+00:00
[2021-09-13 06:55:49,208] {subprocess.py:52} INFO - Tmp dir root location: 
 /tmp
[2021-09-13 06:55:49,253] {subprocess.py:63} INFO - Running command: ['bash', '-c', 'mkdir -p $AIRFLOW_HOME/data; curl https://www.stats.govt.nz/assets/Uploads/Greenhouse-gas-emissions-by-region-industry-and-household/Greenhouse-gas-emissions-by-region-industry-and-household-year-ended-2018/Download-data/greenhouse-gas-emissions-by-region-industry-and-household-year-ended-2018-csv.csv > $AIRFLOW_HOME/data/downloaded_file.csv; echo file downloaded']
[2021-09-13 06:55:49,476] {subprocess.py:74} INFO - Output:
[2021-09-13 06:55:49,736] {subprocess.py:78} INFO -   % Total    % Received % Xferd  Average Speed   Time    Time     Time  Current
[2021-09-13 06:55:49,751] {subprocess.py:78} INFO -                                  Dload  Upload   Total   Spent    Left  Speed
[2021-09-13 06:55:55,895] {subprocess.py:78} INFO -   0     0    0     0    0     0      0      0 --:--:-- --:--:-- --:--:--     0  0     0    0     0    0     0      0      0 --:--:-- --:--:-- --:--:--     0  0     0    0     0    0     0      0      0 --:--:--  0:00:01 --:--:--     0  0     0    0     0    0     0      0      0 --:--:--  0:00:02 --:--:--     0  0     0    0     0    0     0      0      0 --:--:--  0:00:04 --:--:--     0  3  315k    3 11146    0     0   2294      0  0:02:21  0:00:04  0:02:17  2294 52  315k   52  166k    0     0  29184      0  0:00:11  0:00:05  0:00:06 33118100  315k  100  315k    0     0  52520      0  0:00:06  0:00:06 --:--:-- 72998
[2021-09-13 06:55:55,958] {subprocess.py:78} INFO - file downloaded
[2021-09-13 06:55:55,961] {subprocess.py:82} INFO - Command exited with return code 0
[2021-09-13 06:55:56,252] {taskinstance.py:1211} INFO - Marking task as SUCCESS. dag_id=Homework-task2, task_id=download, execution_date=20210912T000000, start_date=20210913T065546, end_date=20210913T065556
[2021-09-13 06:55:56,794] {local_task_job.py:151} INFO - Task exited with return code 0
[2021-09-13 06:55:57,028] {local_task_job.py:261} INFO - 1 downstream tasks scheduled from follow-on schedule check
