[2021-09-13 13:00:58,454] {taskinstance.py:903} INFO - Dependencies all met for <TaskInstance: Homework-task3.download 2021-09-13T13:00:57.815239+00:00 [queued]>
[2021-09-13 13:00:58,464] {taskinstance.py:903} INFO - Dependencies all met for <TaskInstance: Homework-task3.download 2021-09-13T13:00:57.815239+00:00 [queued]>
[2021-09-13 13:00:58,465] {taskinstance.py:1094} INFO - 
--------------------------------------------------------------------------------
[2021-09-13 13:00:58,466] {taskinstance.py:1095} INFO - Starting attempt 1 of 6
[2021-09-13 13:00:58,467] {taskinstance.py:1096} INFO - 
--------------------------------------------------------------------------------
[2021-09-13 13:00:58,487] {taskinstance.py:1114} INFO - Executing <Task(BashOperator): download> on 2021-09-13T13:00:57.815239+00:00
[2021-09-13 13:00:58,502] {standard_task_runner.py:76} INFO - Running: ['***', 'tasks', 'run', 'Homework-task3', 'download', '2021-09-13T13:00:57.815239+00:00', '--job-id', '644', '--pool', 'default_pool', '--raw', '--subdir', 'DAGS_FOLDER/task_3.py', '--cfg-path', '/tmp/tmpr6lnwigd', '--error-file', '/tmp/tmp0nqpxgd2']
[2021-09-13 13:00:58,494] {standard_task_runner.py:52} INFO - Started process 51107 to run task
[2021-09-13 13:00:58,507] {standard_task_runner.py:77} INFO - Job 644: Subtask download
[2021-09-13 13:00:58,589] {logging_mixin.py:109} INFO - Running <TaskInstance: Homework-task3.download 2021-09-13T13:00:57.815239+00:00 [running]> on host ed2b66e7bf44
[2021-09-13 13:00:58,650] {taskinstance.py:1251} INFO - Exporting the following env vars:
AIRFLOW_CTX_DAG_OWNER=***
AIRFLOW_CTX_DAG_ID=Homework-task3
AIRFLOW_CTX_TASK_ID=download
AIRFLOW_CTX_EXECUTION_DATE=2021-09-13T13:00:57.815239+00:00
AIRFLOW_CTX_DAG_RUN_ID=manual__2021-09-13T13:00:57.815239+00:00
[2021-09-13 13:00:58,652] {subprocess.py:52} INFO - Tmp dir root location: 
 /tmp
[2021-09-13 13:00:58,654] {subprocess.py:63} INFO - Running command: ['bash', '-c', 'mkdir -p /opt/***/data; \n                        curl https://www.stats.govt.nz/assets/Uploads/Greenhouse-gas-emissions-by-region-industry-and-household/Greenhouse-gas-emissions-by-region-industry-and-household-year-ended-2018/Download-data/greenhouse-gas-emissions-by-region-industry-and-household-year-ended-2018-csv.csv > /opt/***/data/downloaded_file.csv;\n                        echo file downloaded']
[2021-09-13 13:00:58,665] {subprocess.py:74} INFO - Output:
[2021-09-13 13:00:58,682] {subprocess.py:78} INFO -   % Total    % Received % Xferd  Average Speed   Time    Time     Time  Current
[2021-09-13 13:00:58,683] {subprocess.py:78} INFO -                                  Dload  Upload   Total   Spent    Left  Speed
[2021-09-13 13:01:02,770] {subprocess.py:78} INFO -   0     0    0     0    0     0      0      0 --:--:-- --:--:-- --:--:--     0  0     0    0     0    0     0      0      0 --:--:-- --:--:-- --:--:--     0  0     0    0     0    0     0      0      0 --:--:--  0:00:02 --:--:--     0  0     0    0     0    0     0      0      0 --:--:--  0:00:03 --:--:--     0 39  315k   39  124k    0     0  34251      0  0:00:09  0:00:03  0:00:06 34242100  315k  100  315k    0     0  79140      0  0:00:04  0:00:04 --:--:-- 79140
[2021-09-13 13:01:02,772] {subprocess.py:78} INFO - file downloaded
[2021-09-13 13:01:02,773] {subprocess.py:82} INFO - Command exited with return code 0
[2021-09-13 13:01:02,805] {taskinstance.py:1211} INFO - Marking task as SUCCESS. dag_id=Homework-task3, task_id=download, execution_date=20210913T130057, start_date=20210913T130058, end_date=20210913T130102
[2021-09-13 13:01:02,840] {local_task_job.py:151} INFO - Task exited with return code 0
[2021-09-13 13:01:02,865] {local_task_job.py:261} INFO - 1 downstream tasks scheduled from follow-on schedule check
