[2021-09-12 17:43:51,245] {taskinstance.py:903} INFO - Dependencies all met for <TaskInstance: Homework-task2.convert_to_avro 2021-09-10T00:00:00+00:00 [queued]>
[2021-09-12 17:43:51,450] {taskinstance.py:903} INFO - Dependencies all met for <TaskInstance: Homework-task2.convert_to_avro 2021-09-10T00:00:00+00:00 [queued]>
[2021-09-12 17:43:51,484] {taskinstance.py:1094} INFO - 
--------------------------------------------------------------------------------
[2021-09-12 17:43:51,496] {taskinstance.py:1095} INFO - Starting attempt 1 of 6
[2021-09-12 17:43:51,561] {taskinstance.py:1096} INFO - 
--------------------------------------------------------------------------------
[2021-09-12 17:43:51,959] {taskinstance.py:1114} INFO - Executing <Task(PythonVirtualenvOperator): convert_to_avro> on 2021-09-10T00:00:00+00:00
[2021-09-12 17:43:52,461] {standard_task_runner.py:76} INFO - Running: ['***', 'tasks', 'run', 'Homework-task2', 'convert_to_avro', '2021-09-10T00:00:00+00:00', '--job-id', '420', '--pool', 'default_pool', '--raw', '--subdir', 'DAGS_FOLDER/task_2.py', '--cfg-path', '/tmp/tmp0to7lnxc', '--error-file', '/tmp/tmp88_k0cw5']
[2021-09-12 17:43:52,529] {standard_task_runner.py:52} INFO - Started process 17480 to run task
[2021-09-12 17:43:52,678] {standard_task_runner.py:77} INFO - Job 420: Subtask convert_to_avro
[2021-09-12 17:43:54,737] {logging_mixin.py:109} INFO - Running <TaskInstance: Homework-task2.convert_to_avro 2021-09-10T00:00:00+00:00 [running]> on host ed2b66e7bf44
[2021-09-12 17:43:55,378] {taskinstance.py:1251} INFO - Exporting the following env vars:
AIRFLOW_CTX_DAG_OWNER=***
AIRFLOW_CTX_DAG_ID=Homework-task2
AIRFLOW_CTX_TASK_ID=convert_to_avro
AIRFLOW_CTX_EXECUTION_DATE=2021-09-10T00:00:00+00:00
AIRFLOW_CTX_DAG_RUN_ID=scheduled__2021-09-10T00:00:00+00:00
[2021-09-12 17:43:55,385] {process_utils.py:135} INFO - Executing cmd: virtualenv /tmp/venvhvqo9rhz
[2021-09-12 17:43:55,553] {process_utils.py:139} INFO - Output:
[2021-09-12 17:44:15,608] {process_utils.py:143} INFO - created virtual environment CPython3.8.11.final.0-64 in 12486ms
[2021-09-12 17:44:15,611] {process_utils.py:143} INFO -   creator CPython3Posix(dest=/tmp/venvhvqo9rhz, clear=False, no_vcs_ignore=False, global=False)
[2021-09-12 17:44:15,614] {process_utils.py:143} INFO -   seeder FromAppData(download=False, pip=bundle, setuptools=bundle, wheel=bundle, via=copy, app_data_dir=/home/***/.local/share/virtualenv)
[2021-09-12 17:44:15,615] {process_utils.py:143} INFO -     added seed packages: pip==21.2.4, setuptools==57.4.0, wheel==0.37.0
[2021-09-12 17:44:15,621] {process_utils.py:143} INFO -   activators BashActivator,CShellActivator,FishActivator,PowerShellActivator,PythonActivator
[2021-09-12 17:44:16,055] {process_utils.py:135} INFO - Executing cmd: /tmp/venvhvqo9rhz/bin/pip install fastavro==1.4.4
[2021-09-12 17:44:16,264] {process_utils.py:139} INFO - Output:
[2021-09-12 17:45:54,913] {process_utils.py:143} INFO - Collecting fastavro==1.4.4
[2021-09-12 17:45:54,972] {process_utils.py:143} INFO -   Using cached fastavro-1.4.4-cp38-cp38-manylinux_2_17_x86_64.manylinux2014_x86_64.whl (2.7 MB)
[2021-09-12 17:45:55,189] {process_utils.py:143} INFO - Installing collected packages: fastavro
[2021-09-12 17:45:55,792] {process_utils.py:143} INFO - Successfully installed fastavro-1.4.4
[2021-09-12 17:45:56,834] {process_utils.py:135} INFO - Executing cmd: /tmp/venvhvqo9rhz/bin/python /tmp/venvhvqo9rhz/script.py /tmp/venvhvqo9rhz/script.in /tmp/venvhvqo9rhz/script.out /tmp/venvhvqo9rhz/string_args.txt
[2021-09-12 17:45:56,905] {process_utils.py:139} INFO - Output:
[2021-09-12 17:45:57,737] {process_utils.py:143} INFO - File content:
[2021-09-12 17:45:57,740] {process_utils.py:143} INFO - [{'region': 'Auckland', 'anzsic_descriptor': 'Agriculture', 'gas': 'Carbon dioxide equivalents', 'units': 'Kilotonnes', 'magnitude': 'Carbon dioxide equivalents', 'year': 2007, 'data_val': 811.63}, {'region': 'Auckland', 'anzsic_descriptor': 'Agriculture', 'gas': 'Carbon dioxide equivalents', 'units': 'Kilotonnes', 'magnitude': 'Carbon dioxide equivalents', 'year': 2008, 'data_val': 777.95}, {'region': 'Auckland', 'anzsic_descriptor': 'Agriculture', 'gas': 'Carbon dioxide equivalents', 'units': 'Kilotonnes', 'magnitude': 'Carbon dioxide equivalents', 'year': 2009, 'data_val': 684.0}, {'region': 'Auckland', 'anzsic_descriptor': 'Agriculture', 'gas': 'Carbon dioxide equivalents', 'units': 'Kilotonnes', 'magnitude': 'Carbon dioxide equivalents', 'year': 2010, 'data_val': 706.56}, {'region': 'Auckland', 'anzsic_descriptor': 'Agriculture', 'gas': 'Carbon dioxide equivalents', 'units': 'Kilotonnes', 'magnitude': 'Carbon dioxide equivalents', 'year': 2011, 'data_val': 764.3}, {'region': 'Auckland', 'anzsic_descriptor': 'Agriculture', 'gas': 'Carbon dioxide equivalents', 'units': 'Kilotonnes', 'magnitude': 'Carbon dioxide equivalents', 'year': 2012, 'data_val': 725.02}, {'region': 'Auckland', 'anzsic_descriptor': 'Agriculture', 'gas': 'Carbon dioxide equivalents', 'units': 'Kilotonnes', 'magnitude': 'Carbon dioxide equivalents', 'year': 2013, 'data_val': 707.4}, {'region': 'Auckland', 'anzsic_descriptor': 'Agriculture', 'gas': 'Carbon dioxide equivalents', 'units': 'Kilotonnes', 'magnitude': 'Carbon dioxide equivalents', 'year': 2014, 'data_val': 678.92}, {'region': 'Auckland', 'anzsic_descriptor': 'Agriculture', 'gas': 'Carbon dioxide equivalents', 'units': 'Kilotonnes', 'magnitude': 'Carbon dioxide equivalents', 'year': 2015, 'data_val': 744.83}, {'region': 'Auckland', 'anzsic_descriptor': 'Agriculture', 'gas': 'Carbon dioxide equivalents', 'units': 'Kilotonnes', 'magnitude': 'Carbon dioxide equivalents', 'year': 2016, 'data_val': 901.67}]
[2021-09-12 17:45:57,741] {process_utils.py:143} INFO - convert to avro OK
[2021-09-12 17:45:58,109] {python.py:151} INFO - Done. Returned value was: None
[2021-09-12 17:45:58,155] {taskinstance.py:1211} INFO - Marking task as SUCCESS. dag_id=Homework-task2, task_id=convert_to_avro, execution_date=20210910T000000, start_date=20210912T174351, end_date=20210912T174558
[2021-09-12 17:45:58,269] {local_task_job.py:151} INFO - Task exited with return code 0
[2021-09-12 17:45:58,343] {local_task_job.py:261} INFO - 0 downstream tasks scheduled from follow-on schedule check
