[2021-09-10 11:01:23,757] {taskinstance.py:903} INFO - Dependencies all met for <TaskInstance: Homework-task2.convert_to_avro 2021-09-10T11:01:16.052362+00:00 [queued]>
[2021-09-10 11:01:23,768] {taskinstance.py:903} INFO - Dependencies all met for <TaskInstance: Homework-task2.convert_to_avro 2021-09-10T11:01:16.052362+00:00 [queued]>
[2021-09-10 11:01:23,770] {taskinstance.py:1094} INFO - 
--------------------------------------------------------------------------------
[2021-09-10 11:01:23,771] {taskinstance.py:1095} INFO - Starting attempt 1 of 6
[2021-09-10 11:01:23,771] {taskinstance.py:1096} INFO - 
--------------------------------------------------------------------------------
[2021-09-10 11:01:23,786] {taskinstance.py:1114} INFO - Executing <Task(PythonVirtualenvOperator): convert_to_avro> on 2021-09-10T11:01:16.052362+00:00
[2021-09-10 11:01:23,793] {standard_task_runner.py:52} INFO - Started process 281 to run task
[2021-09-10 11:01:23,796] {standard_task_runner.py:76} INFO - Running: ['***', 'tasks', 'run', 'Homework-task2', 'convert_to_avro', '2021-09-10T11:01:16.052362+00:00', '--job-id', '332', '--pool', 'default_pool', '--raw', '--subdir', 'DAGS_FOLDER/task_2.py', '--cfg-path', '/tmp/tmpnu9kaey_', '--error-file', '/tmp/tmpqouf9lxu']
[2021-09-10 11:01:23,797] {standard_task_runner.py:77} INFO - Job 332: Subtask convert_to_avro
[2021-09-10 11:01:23,837] {logging_mixin.py:109} INFO - Running <TaskInstance: Homework-task2.convert_to_avro 2021-09-10T11:01:16.052362+00:00 [running]> on host ed2b66e7bf44
[2021-09-10 11:01:23,882] {taskinstance.py:1251} INFO - Exporting the following env vars:
AIRFLOW_CTX_DAG_OWNER=***
AIRFLOW_CTX_DAG_ID=Homework-task2
AIRFLOW_CTX_TASK_ID=convert_to_avro
AIRFLOW_CTX_EXECUTION_DATE=2021-09-10T11:01:16.052362+00:00
AIRFLOW_CTX_DAG_RUN_ID=manual__2021-09-10T11:01:16.052362+00:00
[2021-09-10 11:01:23,884] {process_utils.py:135} INFO - Executing cmd: virtualenv /tmp/venv1j9evg6t
[2021-09-10 11:01:23,894] {process_utils.py:139} INFO - Output:
[2021-09-10 11:01:24,890] {process_utils.py:143} INFO - created virtual environment CPython3.8.11.final.0-64 in 748ms
[2021-09-10 11:01:24,891] {process_utils.py:143} INFO -   creator CPython3Posix(dest=/tmp/venv1j9evg6t, clear=False, no_vcs_ignore=False, global=False)
[2021-09-10 11:01:24,891] {process_utils.py:143} INFO -   seeder FromAppData(download=False, pip=bundle, setuptools=bundle, wheel=bundle, via=copy, app_data_dir=/home/***/.local/share/virtualenv)
[2021-09-10 11:01:24,892] {process_utils.py:143} INFO -     added seed packages: pip==21.2.3, setuptools==57.4.0, wheel==0.37.0
[2021-09-10 11:01:24,892] {process_utils.py:143} INFO -   activators BashActivator,CShellActivator,FishActivator,PowerShellActivator,PythonActivator
[2021-09-10 11:01:24,963] {process_utils.py:135} INFO - Executing cmd: /tmp/venv1j9evg6t/bin/pip install fastavro==1.4.4
[2021-09-10 11:01:24,976] {process_utils.py:139} INFO - Output:
[2021-09-10 11:01:27,552] {process_utils.py:143} INFO - Collecting fastavro==1.4.4
[2021-09-10 11:01:27,874] {process_utils.py:143} INFO -   Downloading fastavro-1.4.4-cp38-cp38-manylinux_2_17_x86_64.manylinux2014_x86_64.whl (2.7 MB)
[2021-09-10 11:01:33,136] {process_utils.py:143} INFO - Installing collected packages: fastavro
[2021-09-10 11:01:33,229] {process_utils.py:143} INFO - Successfully installed fastavro-1.4.4
[2021-09-10 11:01:33,383] {process_utils.py:143} INFO - WARNING: You are using pip version 21.2.3; however, version 21.2.4 is available.
[2021-09-10 11:01:33,384] {process_utils.py:143} INFO - You should consider upgrading via the '/tmp/venv1j9evg6t/bin/python -m pip install --upgrade pip' command.
[2021-09-10 11:01:33,482] {process_utils.py:135} INFO - Executing cmd: /tmp/venv1j9evg6t/bin/python /tmp/venv1j9evg6t/script.py /tmp/venv1j9evg6t/script.in /tmp/venv1j9evg6t/script.out /tmp/venv1j9evg6t/string_args.txt
[2021-09-10 11:01:33,492] {process_utils.py:139} INFO - Output:
[2021-09-10 11:01:33,590] {process_utils.py:143} INFO - File content:
[2021-09-10 11:01:33,592] {process_utils.py:143} INFO - [{'region': 'Auckland', 'anzsic_descriptor': 'Agriculture', 'gas': 'Carbon dioxide equivalents', 'units': 'Kilotonnes', 'magnitude': 'Carbon dioxide equivalents', 'year': 2007, 'data_val': 811.63}, {'region': 'Auckland', 'anzsic_descriptor': 'Agriculture', 'gas': 'Carbon dioxide equivalents', 'units': 'Kilotonnes', 'magnitude': 'Carbon dioxide equivalents', 'year': 2008, 'data_val': 777.95}, {'region': 'Auckland', 'anzsic_descriptor': 'Agriculture', 'gas': 'Carbon dioxide equivalents', 'units': 'Kilotonnes', 'magnitude': 'Carbon dioxide equivalents', 'year': 2009, 'data_val': 684.0}, {'region': 'Auckland', 'anzsic_descriptor': 'Agriculture', 'gas': 'Carbon dioxide equivalents', 'units': 'Kilotonnes', 'magnitude': 'Carbon dioxide equivalents', 'year': 2010, 'data_val': 706.56}, {'region': 'Auckland', 'anzsic_descriptor': 'Agriculture', 'gas': 'Carbon dioxide equivalents', 'units': 'Kilotonnes', 'magnitude': 'Carbon dioxide equivalents', 'year': 2011, 'data_val': 764.3}, {'region': 'Auckland', 'anzsic_descriptor': 'Agriculture', 'gas': 'Carbon dioxide equivalents', 'units': 'Kilotonnes', 'magnitude': 'Carbon dioxide equivalents', 'year': 2012, 'data_val': 725.02}, {'region': 'Auckland', 'anzsic_descriptor': 'Agriculture', 'gas': 'Carbon dioxide equivalents', 'units': 'Kilotonnes', 'magnitude': 'Carbon dioxide equivalents', 'year': 2013, 'data_val': 707.4}, {'region': 'Auckland', 'anzsic_descriptor': 'Agriculture', 'gas': 'Carbon dioxide equivalents', 'units': 'Kilotonnes', 'magnitude': 'Carbon dioxide equivalents', 'year': 2014, 'data_val': 678.92}, {'region': 'Auckland', 'anzsic_descriptor': 'Agriculture', 'gas': 'Carbon dioxide equivalents', 'units': 'Kilotonnes', 'magnitude': 'Carbon dioxide equivalents', 'year': 2015, 'data_val': 744.83}, {'region': 'Auckland', 'anzsic_descriptor': 'Agriculture', 'gas': 'Carbon dioxide equivalents', 'units': 'Kilotonnes', 'magnitude': 'Carbon dioxide equivalents', 'year': 2016, 'data_val': 901.67}]
[2021-09-10 11:01:33,593] {process_utils.py:143} INFO - convert to avro OK
[2021-09-10 11:01:33,636] {python.py:151} INFO - Done. Returned value was: None
[2021-09-10 11:01:33,654] {taskinstance.py:1211} INFO - Marking task as SUCCESS. dag_id=Homework-task2, task_id=convert_to_avro, execution_date=20210910T110116, start_date=20210910T110123, end_date=20210910T110133
[2021-09-10 11:01:33,713] {local_task_job.py:151} INFO - Task exited with return code 0
[2021-09-10 11:01:33,738] {local_task_job.py:261} INFO - 0 downstream tasks scheduled from follow-on schedule check
