[2021-09-13 12:10:59,849] {taskinstance.py:903} INFO - Dependencies all met for <TaskInstance: Homework-task3.download 2021-09-13T12:10:58.553106+00:00 [queued]>
[2021-09-13 12:10:59,859] {taskinstance.py:903} INFO - Dependencies all met for <TaskInstance: Homework-task3.download 2021-09-13T12:10:58.553106+00:00 [queued]>
[2021-09-13 12:10:59,860] {taskinstance.py:1094} INFO - 
--------------------------------------------------------------------------------
[2021-09-13 12:10:59,861] {taskinstance.py:1095} INFO - Starting attempt 1 of 6
[2021-09-13 12:10:59,861] {taskinstance.py:1096} INFO - 
--------------------------------------------------------------------------------
[2021-09-13 12:10:59,877] {taskinstance.py:1114} INFO - Executing <Task(BashOperator): download> on 2021-09-13T12:10:58.553106+00:00
[2021-09-13 12:10:59,883] {standard_task_runner.py:52} INFO - Started process 47986 to run task
[2021-09-13 12:10:59,887] {standard_task_runner.py:76} INFO - Running: ['***', 'tasks', 'run', 'Homework-task3', 'download', '2021-09-13T12:10:58.553106+00:00', '--job-id', '638', '--pool', 'default_pool', '--raw', '--subdir', 'DAGS_FOLDER/task_3.py', '--cfg-path', '/tmp/tmpvu23hwhb', '--error-file', '/tmp/tmp1slid9va']
[2021-09-13 12:10:59,888] {standard_task_runner.py:77} INFO - Job 638: Subtask download
[2021-09-13 12:10:59,930] {logging_mixin.py:109} INFO - Running <TaskInstance: Homework-task3.download 2021-09-13T12:10:58.553106+00:00 [running]> on host ed2b66e7bf44
[2021-09-13 12:10:59,973] {taskinstance.py:1251} INFO - Exporting the following env vars:
AIRFLOW_CTX_DAG_OWNER=***
AIRFLOW_CTX_DAG_ID=Homework-task3
AIRFLOW_CTX_TASK_ID=download
AIRFLOW_CTX_EXECUTION_DATE=2021-09-13T12:10:58.553106+00:00
AIRFLOW_CTX_DAG_RUN_ID=manual__2021-09-13T12:10:58.553106+00:00
[2021-09-13 12:10:59,974] {subprocess.py:52} INFO - Tmp dir root location: 
 /tmp
[2021-09-13 12:10:59,976] {subprocess.py:63} INFO - Running command: ['bash', '-c', 'mkdir -p /opt/***/data; \n                        curl https://www.stats.govt.nz/assets/Uploads/Greenhouse-gas-emissions-by-region-industry-and-household/Greenhouse-gas-emissions-by-region-industry-and-household-year-ended-2018/Download-data/greenhouse-gas-emissions-by-region-industry-and-household-year-ended-2018-csv.csv > /opt/***/data/downloaded_file.csv;\n                        echo file downloaded']
[2021-09-13 12:10:59,986] {subprocess.py:74} INFO - Output:
[2021-09-13 12:10:59,995] {subprocess.py:78} INFO -   % Total    % Received % Xferd  Average Speed   Time    Time     Time  Current
[2021-09-13 12:10:59,996] {subprocess.py:78} INFO -                                  Dload  Upload   Total   Spent    Left  Speed
[2021-09-13 12:11:03,026] {subprocess.py:78} INFO -   0     0    0     0    0     0      0      0 --:--:-- --:--:-- --:--:--     0  0     0    0     0    0     0      0      0 --:--:-- --:--:-- --:--:--     0  0     0    0     0    0     0      0      0 --:--:--  0:00:01 --:--:--     0 25  315k   25 81588    0     0  31200      0  0:00:10  0:00:02  0:00:08 31188100  315k  100  315k    0     0   104k      0  0:00:03  0:00:03 --:--:--  104k
[2021-09-13 12:11:03,029] {subprocess.py:78} INFO - file downloaded
[2021-09-13 12:11:03,030] {subprocess.py:82} INFO - Command exited with return code 0
[2021-09-13 12:11:03,051] {taskinstance.py:1211} INFO - Marking task as SUCCESS. dag_id=Homework-task3, task_id=download, execution_date=20210913T121058, start_date=20210913T121059, end_date=20210913T121103
[2021-09-13 12:11:03,070] {local_task_job.py:151} INFO - Task exited with return code 0
[2021-09-13 12:11:03,090] {local_task_job.py:261} INFO - 1 downstream tasks scheduled from follow-on schedule check
