[2021-09-10 11:01:22,485] {taskinstance.py:903} INFO - Dependencies all met for <TaskInstance: Homework-task2.row_count 2021-09-10T11:01:16.052362+00:00 [queued]>
[2021-09-10 11:01:22,496] {taskinstance.py:903} INFO - Dependencies all met for <TaskInstance: Homework-task2.row_count 2021-09-10T11:01:16.052362+00:00 [queued]>
[2021-09-10 11:01:22,497] {taskinstance.py:1094} INFO - 
--------------------------------------------------------------------------------
[2021-09-10 11:01:22,498] {taskinstance.py:1095} INFO - Starting attempt 1 of 6
[2021-09-10 11:01:22,499] {taskinstance.py:1096} INFO - 
--------------------------------------------------------------------------------
[2021-09-10 11:01:22,517] {taskinstance.py:1114} INFO - Executing <Task(BashOperator): row_count> on 2021-09-10T11:01:16.052362+00:00
[2021-09-10 11:01:22,524] {standard_task_runner.py:52} INFO - Started process 277 to run task
[2021-09-10 11:01:22,528] {standard_task_runner.py:76} INFO - Running: ['***', 'tasks', 'run', 'Homework-task2', 'row_count', '2021-09-10T11:01:16.052362+00:00', '--job-id', '331', '--pool', 'default_pool', '--raw', '--subdir', 'DAGS_FOLDER/task_2.py', '--cfg-path', '/tmp/tmp0vch5f7f', '--error-file', '/tmp/tmpbl_u9syf']
[2021-09-10 11:01:22,529] {standard_task_runner.py:77} INFO - Job 331: Subtask row_count
[2021-09-10 11:01:22,586] {logging_mixin.py:109} INFO - Running <TaskInstance: Homework-task2.row_count 2021-09-10T11:01:16.052362+00:00 [running]> on host ed2b66e7bf44
[2021-09-10 11:01:22,638] {taskinstance.py:1251} INFO - Exporting the following env vars:
AIRFLOW_CTX_DAG_OWNER=***
AIRFLOW_CTX_DAG_ID=Homework-task2
AIRFLOW_CTX_TASK_ID=row_count
AIRFLOW_CTX_EXECUTION_DATE=2021-09-10T11:01:16.052362+00:00
AIRFLOW_CTX_DAG_RUN_ID=manual__2021-09-10T11:01:16.052362+00:00
[2021-09-10 11:01:22,641] {subprocess.py:52} INFO - Tmp dir root location: 
 /tmp
[2021-09-10 11:01:22,642] {subprocess.py:63} INFO - Running command: ['bash', '-c', 'wc -l < $AIRFLOW_HOME/data/downloaded_file.csv']
[2021-09-10 11:01:22,652] {subprocess.py:74} INFO - Output:
[2021-09-10 11:01:22,662] {subprocess.py:78} INFO - 3061
[2021-09-10 11:01:22,662] {subprocess.py:82} INFO - Command exited with return code 0
[2021-09-10 11:01:22,686] {taskinstance.py:1211} INFO - Marking task as SUCCESS. dag_id=Homework-task2, task_id=row_count, execution_date=20210910T110116, start_date=20210910T110122, end_date=20210910T110122
[2021-09-10 11:01:22,741] {local_task_job.py:151} INFO - Task exited with return code 0
[2021-09-10 11:01:22,765] {local_task_job.py:261} INFO - 1 downstream tasks scheduled from follow-on schedule check
